This file contains any messages produced by compilers while
running configure, to aid debugging if configure makes a mistake.

It was created by libetpan configure 0.58, which was
generated by GNU Autoconf 2.61.  Invocation command line was

  $ ./configure --enable-debug --with-debug

## --------- ##
## Platform. ##
## --------- ##

hostname = Rickover.local
uname -m = i386
uname -r = 10.2.0
uname -s = Darwin
uname -v = Darwin Kernel Version 10.2.0: Tue Nov  3 10:37:10 PST 2009; root:xnu-1486.2.11~1/RELEASE_I386

/usr/bin/uname -p = i386
/bin/uname -X     = unknown

/bin/arch              = unknown
/usr/bin/arch -k       = unknown
/usr/convex/getsysinfo = unknown
/usr/bin/hostinfo      = Mach kernel version:
	 Darwin Kernel Version 10.2.0: Tue Nov  3 10:37:10 PST 2009; root:xnu-1486.2.11~1/RELEASE_I386
Kernel configured for up to 2 processors.
2 processors are physically available.
2 processors are logically available.
Processor type: i486 (Intel 80486)
Processors active: 0 1
Primary memory available: 4.00 gigabytes
Default processor set: 68 tasks, 296 threads, 2 processors
Load average: 1.33, Mach factor: 1.10
/bin/machine           = unknown
/usr/bin/oslevel       = unknown
/bin/universe          = unknown

PATH: /usr/bin
PATH: /bin
PATH: /usr/sbin
PATH: /sbin
PATH: /usr/local/bin
PATH: /usr/X11/bin
PATH: /opt/local/bin
PATH: /usr/local/mysql/bin/


## ----------- ##
## Core tests. ##
## ----------- ##

configure:2020: checking for a BSD-compatible install
configure:2076: result: /usr/bin/install -c
configure:2087: checking whether build environment is sane
configure:2130: result: yes
configure:2158: checking for a thread-safe mkdir -p
configure:2197: result: ./install-sh -c -d
configure:2210: checking for gawk
configure:2226: found /opt/local/bin/gawk
configure:2237: result: gawk
configure:2248: checking whether make sets $(MAKE)
configure:2269: result: yes
configure:2457: checking whether to enable maintainer-specific portions of Makefiles
configure:2466: result: no
configure:2485: checking build system type
configure:2503: result: i386-apple-darwin10.2.0
configure:2525: checking host system type
configure:2540: result: i386-apple-darwin10.2.0
configure:2677: checking for gcc
configure:2693: found /usr/bin/gcc
configure:2704: result: gcc
configure:2942: checking for C compiler version
configure:2949: gcc --version >&5
i686-apple-darwin10-gcc-4.2.1 (GCC) 4.2.1 (Apple Inc. build 5646) (dot 1)
Copyright (C) 2007 Free Software Foundation, Inc.
This is free software; see the source for copying conditions.  There is NO
warranty; not even for MERCHANTABILITY or FITNESS FOR A PARTICULAR PURPOSE.

configure:2952: $? = 0
configure:2959: gcc -v >&5
Using built-in specs.
Target: i686-apple-darwin10
Configured with: /var/tmp/gcc/gcc-5646.1~2/src/configure --disable-checking --enable-werror --prefix=/usr --mandir=/share/man --enable-languages=c,objc,c++,obj-c++ --program-transform-name=/^[cg][^.-]*$/s/$/-4.2/ --with-slibdir=/usr/lib --build=i686-apple-darwin10 --with-gxx-include-dir=/include/c++/4.2.1 --program-prefix=i686-apple-darwin10- --host=x86_64-apple-darwin10 --target=i686-apple-darwin10
Thread model: posix
gcc version 4.2.1 (Apple Inc. build 5646) (dot 1)
configure:2962: $? = 0
configure:2969: gcc -V >&5
gcc-4.2: argument to `-V' is missing
configure:2972: $? = 1
configure:2995: checking for C compiler default output file name
configure:3022: gcc    conftest.c  >&5
configure:3025: $? = 0
configure:3063: result: a.out
configure:3080: checking whether the C compiler works
configure:3090: ./a.out
configure:3093: $? = 0
configure:3110: result: yes
configure:3117: checking whether we are cross compiling
configure:3119: result: no
configure:3122: checking for suffix of executables
configure:3129: gcc -o conftest    conftest.c  >&5
configure:3132: $? = 0
configure:3156: result: 
configure:3162: checking for suffix of object files
configure:3188: gcc -c   conftest.c >&5
configure:3191: $? = 0
configure:3214: result: o
configure:3218: checking whether we are using the GNU C compiler
configure:3247: gcc -c   conftest.c >&5
configure:3253: $? = 0
configure:3270: result: yes
configure:3275: checking whether gcc accepts -g
configure:3305: gcc -c -g  conftest.c >&5
configure:3311: $? = 0
configure:3410: result: yes
configure:3427: checking for gcc option to accept ISO C89
configure:3501: gcc  -c -g -O2  conftest.c >&5
configure:3507: $? = 0
configure:3530: result: none needed
configure:3559: checking for style of include used by make
configure:3587: result: GNU
configure:3612: checking dependency style of gcc
configure:3703: result: gcc3
configure:3776: checking for g++
configure:3792: found /usr/bin/g++
configure:3803: result: g++
configure:3834: checking for C++ compiler version
configure:3841: g++ --version >&5
i686-apple-darwin10-g++-4.2.1 (GCC) 4.2.1 (Apple Inc. build 5646) (dot 1)
Copyright (C) 2007 Free Software Foundation, Inc.
This is free software; see the source for copying conditions.  There is NO
warranty; not even for MERCHANTABILITY or FITNESS FOR A PARTICULAR PURPOSE.

configure:3844: $? = 0
configure:3851: g++ -v >&5
Using built-in specs.
Target: i686-apple-darwin10
Configured with: /var/tmp/gcc/gcc-5646.1~2/src/configure --disable-checking --enable-werror --prefix=/usr --mandir=/share/man --enable-languages=c,objc,c++,obj-c++ --program-transform-name=/^[cg][^.-]*$/s/$/-4.2/ --with-slibdir=/usr/lib --build=i686-apple-darwin10 --with-gxx-include-dir=/include/c++/4.2.1 --program-prefix=i686-apple-darwin10- --host=x86_64-apple-darwin10 --target=i686-apple-darwin10
Thread model: posix
gcc version 4.2.1 (Apple Inc. build 5646) (dot 1)
configure:3854: $? = 0
configure:3861: g++ -V >&5
g++-4.2: argument to `-V' is missing
configure:3864: $? = 1
configure:3867: checking whether we are using the GNU C++ compiler
configure:3896: g++ -c   conftest.cpp >&5
configure:3902: $? = 0
configure:3919: result: yes
configure:3924: checking whether g++ accepts -g
configure:3954: g++ -c -g  conftest.cpp >&5
configure:3960: $? = 0
configure:4059: result: yes
configure:4084: checking dependency style of g++
configure:4175: result: gcc3
configure:4234: checking for inline
configure:4260: gcc -c -g -O2 -O2 -g -W -Wall  -DDEBUG conftest.c >&5
configure:4266: $? = 0
configure:4284: result: inline
configure:4646: checking for a sed that does not truncate output
configure:4725: result: /usr/bin/sed
configure:4743: checking for grep that handles long lines and -e
configure:4817: result: /usr/bin/grep
configure:4822: checking for egrep
configure:4900: result: /usr/bin/grep -E
configure:4905: checking for fgrep
configure:4983: result: /usr/bin/grep -F
configure:5018: checking for ld used by gcc
configure:5085: result: /usr/libexec/gcc/i686-apple-darwin10/4.2.1/ld
configure:5094: checking if the linker (/usr/libexec/gcc/i686-apple-darwin10/4.2.1/ld) is GNU ld
configure:5109: result: no
configure:5121: checking for BSD- or MS-compatible name lister (nm)
configure:5170: result: /usr/bin/nm
configure:5292: checking the name lister (/usr/bin/nm) interface
configure:5299: gcc -c -g -O2 -O2 -g -W -Wall  -DDEBUG conftest.c >&5
configure:5302: /usr/bin/nm "conftest.o"
configure:5305: output
0000000000000188 D _some_variable
configure:5312: result: BSD nm
configure:5315: checking whether ln -s works
configure:5319: result: yes
configure:5327: checking the maximum length of command line arguments
configure:5447: result: 196608
configure:5464: checking whether the shell understands some XSI constructs
configure:5474: result: yes
configure:5478: checking whether the shell understands "+="
configure:5484: result: yes
configure:5519: checking for /usr/libexec/gcc/i686-apple-darwin10/4.2.1/ld option to reload object files
configure:5526: result: -r
configure:5553: checking how to recognize dependent libraries
configure:5743: result: pass_all
configure:5803: checking for ar
configure:5819: found /usr/bin/ar
configure:5830: result: ar
configure:5912: checking for strip
configure:5928: found /usr/bin/strip
configure:5939: result: strip
configure:6015: checking for ranlib
configure:6031: found /usr/bin/ranlib
configure:6042: result: ranlib
configure:6136: checking command to parse /usr/bin/nm output from gcc object
configure:6254: gcc -c -g -O2 -O2 -g -W -Wall  -DDEBUG conftest.c >&5
configure:6257: $? = 0
configure:6261: /usr/bin/nm conftest.o \| sed -n -e 's/^.*[	 ]\([BCDEGRST][BCDEGRST]*\)[	 ][	 ]*\([_A-Za-z][_A-Za-z0-9]*\)$/\1 \2 \2/p' \> conftest.nm
configure:6264: $? = 0
cannot find nm_test_var in conftest.nm
configure:6254: gcc -c -g -O2 -O2 -g -W -Wall  -DDEBUG conftest.c >&5
configure:6257: $? = 0
configure:6261: /usr/bin/nm conftest.o \| sed -n -e 's/^.*[	 ]\([BCDEGRST][BCDEGRST]*\)[	 ][	 ]*_\([_A-Za-z][_A-Za-z0-9]*\)$/\1 _\2 \2/p' \> conftest.nm
configure:6264: $? = 0
configure:6318: gcc -o conftest -g -O2 -O2 -g -W -Wall  -DDEBUG  conftest.c conftstm.o >&5
configure:6321: $? = 0
configure:6359: result: ok
configure:6648: checking for dsymutil
configure:6664: found /usr/bin/dsymutil
configure:6675: result: dsymutil
configure:6744: checking for nmedit
configure:6760: found /usr/bin/nmedit
configure:6771: result: nmedit
configure:6840: checking for lipo
configure:6856: found /usr/bin/lipo
configure:6867: result: lipo
configure:6936: checking for otool
configure:6952: found /usr/bin/otool
configure:6963: result: otool
configure:7032: checking for otool64
configure:7062: result: no
configure:7111: checking for -single_module linker flag
gcc -g -O2 -O2 -g -W -Wall  -o libconftest.dylib -dynamiclib -Wl,-single_module conftest.c
configure:7138: result: yes
configure:7140: checking for -exported_symbols_list linker flag
configure:7170: gcc -o conftest -g -O2 -O2 -g -W -Wall  -DDEBUG  -Wl,-exported_symbols_list,conftest.sym conftest.c  >&5
configure:7176: $? = 0
configure:7195: result: yes
configure:7237: checking how to run the C preprocessor
configure:7277: gcc -E  -DDEBUG conftest.c
configure:7283: $? = 0
configure:7314: gcc -E  -DDEBUG conftest.c
conftest.c:11:28: error: ac_nonexistent.h: No such file or directory
configure:7320: $? = 1
configure: failed program was:
| /* confdefs.h.  */
| #define PACKAGE_NAME "libetpan"
| #define PACKAGE_TARNAME "libetpan"
| #define PACKAGE_VERSION "0.58"
| #define PACKAGE_STRING "libetpan 0.58"
| #define PACKAGE_BUGREPORT "libetpan-devel@lists.sourceforge.net"
| #define PACKAGE "libetpan"
| #define VERSION "0.58"
| #define UNSTRICT_SYNTAX 1
| /* end confdefs.h.  */
| #include <ac_nonexistent.h>
configure:7353: result: gcc -E
configure:7382: gcc -E  -DDEBUG conftest.c
configure:7388: $? = 0
configure:7419: gcc -E  -DDEBUG conftest.c
conftest.c:11:28: error: ac_nonexistent.h: No such file or directory
configure:7425: $? = 1
configure: failed program was:
| /* confdefs.h.  */
| #define PACKAGE_NAME "libetpan"
| #define PACKAGE_TARNAME "libetpan"
| #define PACKAGE_VERSION "0.58"
| #define PACKAGE_STRING "libetpan 0.58"
| #define PACKAGE_BUGREPORT "libetpan-devel@lists.sourceforge.net"
| #define PACKAGE "libetpan"
| #define VERSION "0.58"
| #define UNSTRICT_SYNTAX 1
| /* end confdefs.h.  */
| #include <ac_nonexistent.h>
configure:7463: checking for ANSI C header files
configure:7493: gcc -c -g -O2 -O2 -g -W -Wall  -DDEBUG conftest.c >&5
configure:7499: $? = 0
configure:7598: gcc -o conftest -g -O2 -O2 -g -W -Wall  -DDEBUG  conftest.c  >&5
configure:7601: $? = 0
configure:7607: ./conftest
configure:7610: $? = 0
configure:7627: result: yes
configure:7651: checking for sys/types.h
configure:7672: gcc -c -g -O2 -O2 -g -W -Wall  -DDEBUG conftest.c >&5
configure:7678: $? = 0
configure:7694: result: yes
configure:7651: checking for sys/stat.h
configure:7672: gcc -c -g -O2 -O2 -g -W -Wall  -DDEBUG conftest.c >&5
configure:7678: $? = 0
configure:7694: result: yes
configure:7651: checking for stdlib.h
configure:7672: gcc -c -g -O2 -O2 -g -W -Wall  -DDEBUG conftest.c >&5
configure:7678: $? = 0
configure:7694: result: yes
configure:7651: checking for string.h
configure:7672: gcc -c -g -O2 -O2 -g -W -Wall  -DDEBUG conftest.c >&5
configure:7678: $? = 0
configure:7694: result: yes
configure:7651: checking for memory.h
configure:7672: gcc -c -g -O2 -O2 -g -W -Wall  -DDEBUG conftest.c >&5
configure:7678: $? = 0
configure:7694: result: yes
configure:7651: checking for strings.h
configure:7672: gcc -c -g -O2 -O2 -g -W -Wall  -DDEBUG conftest.c >&5
configure:7678: $? = 0
configure:7694: result: yes
configure:7651: checking for inttypes.h
configure:7672: gcc -c -g -O2 -O2 -g -W -Wall  -DDEBUG conftest.c >&5
configure:7678: $? = 0
configure:7694: result: yes
configure:7651: checking for stdint.h
configure:7672: gcc -c -g -O2 -O2 -g -W -Wall  -DDEBUG conftest.c >&5
configure:7678: $? = 0
configure:7694: result: yes
configure:7651: checking for unistd.h
configure:7672: gcc -c -g -O2 -O2 -g -W -Wall  -DDEBUG conftest.c >&5
configure:7678: $? = 0
configure:7694: result: yes
configure:7710: checking for dlfcn.h
configure:7731: gcc -c -g -O2 -O2 -g -W -Wall  -DDEBUG conftest.c >&5
configure:7737: $? = 0
configure:7753: result: yes
configure:7882: checking for C++ compiler version
configure:7889: g++ --version >&5
i686-apple-darwin10-g++-4.2.1 (GCC) 4.2.1 (Apple Inc. build 5646) (dot 1)
Copyright (C) 2007 Free Software Foundation, Inc.
This is free software; see the source for copying conditions.  There is NO
warranty; not even for MERCHANTABILITY or FITNESS FOR A PARTICULAR PURPOSE.

configure:7892: $? = 0
configure:7899: g++ -v >&5
Using built-in specs.
Target: i686-apple-darwin10
Configured with: /var/tmp/gcc/gcc-5646.1~2/src/configure --disable-checking --enable-werror --prefix=/usr --mandir=/share/man --enable-languages=c,objc,c++,obj-c++ --program-transform-name=/^[cg][^.-]*$/s/$/-4.2/ --with-slibdir=/usr/lib --build=i686-apple-darwin10 --with-gxx-include-dir=/include/c++/4.2.1 --program-prefix=i686-apple-darwin10- --host=x86_64-apple-darwin10 --target=i686-apple-darwin10
Thread model: posix
gcc version 4.2.1 (Apple Inc. build 5646) (dot 1)
configure:7902: $? = 0
configure:7909: g++ -V >&5
g++-4.2: argument to `-V' is missing
configure:7912: $? = 1
configure:7915: checking whether we are using the GNU C++ compiler
configure:7967: result: yes
configure:7972: checking whether g++ accepts -g
configure:8107: result: yes
configure:8132: checking dependency style of g++
configure:8223: result: gcc3
configure:8246: checking how to run the C++ preprocessor
configure:8282: g++ -E  -DDEBUG conftest.cpp
configure:8288: $? = 0
configure:8319: g++ -E  -DDEBUG conftest.cpp
conftest.cpp:22:28: error: ac_nonexistent.h: No such file or directory
configure:8325: $? = 1
configure: failed program was:
| /* confdefs.h.  */
| #define PACKAGE_NAME "libetpan"
| #define PACKAGE_TARNAME "libetpan"
| #define PACKAGE_VERSION "0.58"
| #define PACKAGE_STRING "libetpan 0.58"
| #define PACKAGE_BUGREPORT "libetpan-devel@lists.sourceforge.net"
| #define PACKAGE "libetpan"
| #define VERSION "0.58"
| #define UNSTRICT_SYNTAX 1
| #define STDC_HEADERS 1
| #define HAVE_SYS_TYPES_H 1
| #define HAVE_SYS_STAT_H 1
| #define HAVE_STDLIB_H 1
| #define HAVE_STRING_H 1
| #define HAVE_MEMORY_H 1
| #define HAVE_STRINGS_H 1
| #define HAVE_INTTYPES_H 1
| #define HAVE_STDINT_H 1
| #define HAVE_UNISTD_H 1
| #define HAVE_DLFCN_H 1
| /* end confdefs.h.  */
| #include <ac_nonexistent.h>
configure:8358: result: g++ -E
configure:8387: g++ -E  -DDEBUG conftest.cpp
configure:8393: $? = 0
configure:8424: g++ -E  -DDEBUG conftest.cpp
conftest.cpp:22:28: error: ac_nonexistent.h: No such file or directory
configure:8430: $? = 1
configure: failed program was:
| /* confdefs.h.  */
| #define PACKAGE_NAME "libetpan"
| #define PACKAGE_TARNAME "libetpan"
| #define PACKAGE_VERSION "0.58"
| #define PACKAGE_STRING "libetpan 0.58"
| #define PACKAGE_BUGREPORT "libetpan-devel@lists.sourceforge.net"
| #define PACKAGE "libetpan"
| #define VERSION "0.58"
| #define UNSTRICT_SYNTAX 1
| #define STDC_HEADERS 1
| #define HAVE_SYS_TYPES_H 1
| #define HAVE_SYS_STAT_H 1
| #define HAVE_STDLIB_H 1
| #define HAVE_STRING_H 1
| #define HAVE_MEMORY_H 1
| #define HAVE_STRINGS_H 1
| #define HAVE_INTTYPES_H 1
| #define HAVE_STDINT_H 1
| #define HAVE_UNISTD_H 1
| #define HAVE_DLFCN_H 1
| /* end confdefs.h.  */
| #include <ac_nonexistent.h>
configure:8640: checking for objdir
configure:8655: result: .libs
configure:8951: checking if gcc supports -fno-rtti -fno-exceptions
configure:8969: gcc -c -g -O2 -O2 -g -W -Wall  -DDEBUG -fno-rtti -fno-exceptions conftest.c >&5
cc1: warning: command line option "-fno-rtti" is valid for C++/ObjC++ but not for C
configure:8973: $? = 0
configure:8986: result: no
configure:9006: checking for gcc option to produce PIC
configure:9263: result: -fno-common -DPIC
configure:9275: checking if gcc PIC flag -fno-common -DPIC works
configure:9293: gcc -c -g -O2 -O2 -g -W -Wall  -DDEBUG -fno-common -DPIC -DPIC conftest.c >&5
configure:9297: $? = 0
configure:9310: result: yes
configure:9334: checking if gcc static flag -static works
configure:9362: result: no
configure:9377: checking if gcc supports -c -o file.o
configure:9398: gcc -c -g -O2 -O2 -g -W -Wall  -DDEBUG -o out/conftest2.o conftest.c >&5
configure:9402: $? = 0
configure:9424: result: yes
configure:9432: checking if gcc supports -c -o file.o
configure:9479: result: yes
configure:9512: checking whether the gcc linker (/usr/libexec/gcc/i686-apple-darwin10/4.2.1/ld) supports shared libraries
configure:10566: result: yes
configure:10805: checking dynamic linker characteristics
configure:11484: result: darwin10.2.0 dyld
configure:11586: checking how to hardcode library paths into programs
configure:11611: result: immediate
configure:12424: checking whether stripping libraries is possible
configure:12438: result: yes
configure:12464: checking if libtool supports shared libraries
configure:12466: result: yes
configure:12469: checking whether to build shared libraries
configure:12490: result: yes
configure:12493: checking whether to build static libraries
configure:12497: result: yes
configure:12647: checking for ld used by g++
configure:12714: result: /usr/libexec/gcc/i686-apple-darwin10/4.2.1/ld
configure:12723: checking if the linker (/usr/libexec/gcc/i686-apple-darwin10/4.2.1/ld) is GNU ld
configure:12738: result: no
configure:12793: checking whether the g++ linker (/usr/libexec/gcc/i686-apple-darwin10/4.2.1/ld) supports shared libraries
configure:13755: result: yes
configure:13783: g++ -c -g -O2  -DDEBUG conftest.cpp >&5
configure:13786: $? = 0
configure:13968: checking for g++ option to produce PIC
configure:14277: result: -fno-common -DPIC
configure:14286: checking if g++ PIC flag -fno-common -DPIC works
configure:14304: g++ -c -g -O2  -DDEBUG -fno-common -DPIC -DPIC conftest.cpp >&5
configure:14308: $? = 0
configure:14321: result: yes
configure:14342: checking if g++ static flag -static works
configure:14370: result: no
configure:14382: checking if g++ supports -c -o file.o
configure:14403: g++ -c -g -O2  -DDEBUG -o out/conftest2.o conftest.cpp >&5
configure:14407: $? = 0
configure:14429: result: yes
configure:14434: checking if g++ supports -c -o file.o
configure:14481: result: yes
configure:14511: checking whether the g++ linker (/usr/libexec/gcc/i686-apple-darwin10/4.2.1/ld) supports shared libraries
configure:14537: result: yes
configure:14674: checking dynamic linker characteristics
configure:15301: result: darwin10.2.0 dyld
configure:15352: checking how to hardcode library paths into programs
configure:15377: result: immediate
configure:15435: checking for a thread-safe mkdir -p
configure:15474: result: ./install-sh -c -d
configure:15482: checking for ANSI C header files
configure:15646: result: yes
configure:15677: checking fcntl.h usability
configure:15694: gcc -c -g -O2 -O2 -g -W -Wall  -DDEBUG conftest.c >&5
configure:15700: $? = 0
configure:15714: result: yes
configure:15718: checking fcntl.h presence
configure:15733: gcc -E  -DDEBUG conftest.c
configure:15739: $? = 0
configure:15753: result: yes
configure:15786: checking for fcntl.h
configure:15794: result: yes
configure:15667: checking for unistd.h
configure:15673: result: yes
configure:15677: checking ctype.h usability
configure:15694: gcc -c -g -O2 -O2 -g -W -Wall  -DDEBUG conftest.c >&5
configure:15700: $? = 0
configure:15714: result: yes
configure:15718: checking ctype.h presence
configure:15733: gcc -E  -DDEBUG conftest.c
configure:15739: $? = 0
configure:15753: result: yes
configure:15786: checking for ctype.h
configure:15794: result: yes
configure:15667: checking for sys/types.h
configure:15673: result: yes
configure:15667: checking for sys/stat.h
configure:15673: result: yes
configure:15677: checking sys/mman.h usability
configure:15694: gcc -c -g -O2 -O2 -g -W -Wall  -DDEBUG conftest.c >&5
configure:15700: $? = 0
configure:15714: result: yes
configure:15718: checking sys/mman.h presence
configure:15733: gcc -E  -DDEBUG conftest.c
configure:15739: $? = 0
configure:15753: result: yes
configure:15786: checking for sys/mman.h
configure:15794: result: yes
configure:15677: checking limits.h usability
configure:15694: gcc -c -g -O2 -O2 -g -W -Wall  -DDEBUG conftest.c >&5
configure:15700: $? = 0
configure:15714: result: yes
configure:15718: checking limits.h presence
configure:15733: gcc -E  -DDEBUG conftest.c
configure:15739: $? = 0
configure:15753: result: yes
configure:15786: checking for limits.h
configure:15794: result: yes
configure:15824: checking netdb.h usability
configure:15841: gcc -c -g -O2 -O2 -g -W -Wall  -DDEBUG conftest.c >&5
configure:15847: $? = 0
configure:15861: result: yes
configure:15865: checking netdb.h presence
configure:15880: gcc -E  -DDEBUG conftest.c
configure:15886: $? = 0
configure:15900: result: yes
configure:15933: checking for netdb.h
configure:15941: result: yes
configure:15824: checking netinet/in.h usability
configure:15841: gcc -c -g -O2 -O2 -g -W -Wall  -DDEBUG conftest.c >&5
configure:15847: $? = 0
configure:15861: result: yes
configure:15865: checking netinet/in.h presence
configure:15880: gcc -E  -DDEBUG conftest.c
configure:15886: $? = 0
configure:15900: result: yes
configure:15933: checking for netinet/in.h
configure:15941: result: yes
configure:15824: checking sys/socket.h usability
configure:15841: gcc -c -g -O2 -O2 -g -W -Wall  -DDEBUG conftest.c >&5
configure:15847: $? = 0
configure:15861: result: yes
configure:15865: checking sys/socket.h presence
configure:15880: gcc -E  -DDEBUG conftest.c
configure:15886: $? = 0
configure:15900: result: yes
configure:15933: checking for sys/socket.h
configure:15941: result: yes
configure:15971: checking sys/param.h usability
configure:15988: gcc -c -g -O2 -O2 -g -W -Wall  -DDEBUG conftest.c >&5
configure:15994: $? = 0
configure:16008: result: yes
configure:16012: checking sys/param.h presence
configure:16027: gcc -E  -DDEBUG conftest.c
configure:16033: $? = 0
configure:16047: result: yes
configure:16080: checking for sys/param.h
configure:16088: result: yes
configure:15971: checking sys/select.h usability
configure:15988: gcc -c -g -O2 -O2 -g -W -Wall  -DDEBUG conftest.c >&5
configure:15994: $? = 0
configure:16008: result: yes
configure:16012: checking sys/select.h presence
configure:16027: gcc -E  -DDEBUG conftest.c
configure:16033: $? = 0
configure:16047: result: yes
configure:16080: checking for sys/select.h
configure:16088: result: yes
configure:15961: checking for inttypes.h
configure:15967: result: yes
configure:16117: checking arpa/inet.h usability
configure:16134: gcc -c -g -O2 -O2 -g -W -Wall  -DDEBUG conftest.c >&5
configure:16140: $? = 0
configure:16154: result: yes
configure:16158: checking arpa/inet.h presence
configure:16173: gcc -E  -DDEBUG conftest.c
configure:16179: $? = 0
configure:16193: result: yes
configure:16226: checking for arpa/inet.h
configure:16234: result: yes
configure:16117: checking winsock2.h usability
configure:16134: gcc -c -g -O2 -O2 -g -W -Wall  -DDEBUG conftest.c >&5
conftest.c:71:22: error: winsock2.h: No such file or directory
configure:16140: $? = 1
configure: failed program was:
| /* confdefs.h.  */
| #define PACKAGE_NAME "libetpan"
| #define PACKAGE_TARNAME "libetpan"
| #define PACKAGE_VERSION "0.58"
| #define PACKAGE_STRING "libetpan 0.58"
| #define PACKAGE_BUGREPORT "libetpan-devel@lists.sourceforge.net"
| #define PACKAGE "libetpan"
| #define VERSION "0.58"
| #define UNSTRICT_SYNTAX 1
| #define STDC_HEADERS 1
| #define HAVE_SYS_TYPES_H 1
| #define HAVE_SYS_STAT_H 1
| #define HAVE_STDLIB_H 1
| #define HAVE_STRING_H 1
| #define HAVE_MEMORY_H 1
| #define HAVE_STRINGS_H 1
| #define HAVE_INTTYPES_H 1
| #define HAVE_STDINT_H 1
| #define HAVE_UNISTD_H 1
| #define HAVE_DLFCN_H 1
| #define LT_OBJDIR ".libs/"
| #define STDC_HEADERS 1
| #define HAVE_FCNTL_H 1
| #define HAVE_UNISTD_H 1
| #define HAVE_CTYPE_H 1
| #define HAVE_SYS_TYPES_H 1
| #define HAVE_SYS_STAT_H 1
| #define HAVE_SYS_MMAN_H 1
| #define HAVE_LIMITS_H 1
| #define HAVE_NETDB_H 1
| #define HAVE_NETINET_IN_H 1
| #define HAVE_SYS_SOCKET_H 1
| #define HAVE_SYS_PARAM_H 1
| #define HAVE_SYS_SELECT_H 1
| #define HAVE_INTTYPES_H 1
| #define HAVE_ARPA_INET_H 1
| /* end confdefs.h.  */
| #include <stdio.h>
| #ifdef HAVE_SYS_TYPES_H
| # include <sys/types.h>
| #endif
| #ifdef HAVE_SYS_STAT_H
| # include <sys/stat.h>
| #endif
| #ifdef STDC_HEADERS
| # include <stdlib.h>
| # include <stddef.h>
| #else
| # ifdef HAVE_STDLIB_H
| #  include <stdlib.h>
| # endif
| #endif
| #ifdef HAVE_STRING_H
| # if !defined STDC_HEADERS && defined HAVE_MEMORY_H
| #  include <memory.h>
| # endif
| # include <string.h>
| #endif
| #ifdef HAVE_STRINGS_H
| # include <strings.h>
| #endif
| #ifdef HAVE_INTTYPES_H
| # include <inttypes.h>
| #endif
| #ifdef HAVE_STDINT_H
| # include <stdint.h>
| #endif
| #ifdef HAVE_UNISTD_H
| # include <unistd.h>
| #endif
| #include <winsock2.h>
configure:16154: result: no
configure:16158: checking winsock2.h presence
configure:16173: gcc -E  -DDEBUG conftest.c
conftest.c:38:22: error: winsock2.h: No such file or directory
configure:16179: $? = 1
configure: failed program was:
| /* confdefs.h.  */
| #define PACKAGE_NAME "libetpan"
| #define PACKAGE_TARNAME "libetpan"
| #define PACKAGE_VERSION "0.58"
| #define PACKAGE_STRING "libetpan 0.58"
| #define PACKAGE_BUGREPORT "libetpan-devel@lists.sourceforge.net"
| #define PACKAGE "libetpan"
| #define VERSION "0.58"
| #define UNSTRICT_SYNTAX 1
| #define STDC_HEADERS 1
| #define HAVE_SYS_TYPES_H 1
| #define HAVE_SYS_STAT_H 1
| #define HAVE_STDLIB_H 1
| #define HAVE_STRING_H 1
| #define HAVE_MEMORY_H 1
| #define HAVE_STRINGS_H 1
| #define HAVE_INTTYPES_H 1
| #define HAVE_STDINT_H 1
| #define HAVE_UNISTD_H 1
| #define HAVE_DLFCN_H 1
| #define LT_OBJDIR ".libs/"
| #define STDC_HEADERS 1
| #define HAVE_FCNTL_H 1
| #define HAVE_UNISTD_H 1
| #define HAVE_CTYPE_H 1
| #define HAVE_SYS_TYPES_H 1
| #define HAVE_SYS_STAT_H 1
| #define HAVE_SYS_MMAN_H 1
| #define HAVE_LIMITS_H 1
| #define HAVE_NETDB_H 1
| #define HAVE_NETINET_IN_H 1
| #define HAVE_SYS_SOCKET_H 1
| #define HAVE_SYS_PARAM_H 1
| #define HAVE_SYS_SELECT_H 1
| #define HAVE_INTTYPES_H 1
| #define HAVE_ARPA_INET_H 1
| /* end confdefs.h.  */
| #include <winsock2.h>
configure:16193: result: no
configure:16226: checking for winsock2.h
configure:16234: result: no
configure:16257: checking for stdlib.h
configure:16263: result: yes
configure:16257: checking for unistd.h
configure:16263: result: yes
configure:16401: checking for getpagesize
configure:16457: gcc -o conftest -g -O2 -O2 -g -W -Wall  -DDEBUG  conftest.c  >&5
configure:16463: $? = 0
configure:16481: result: yes
configure:16491: checking for working mmap
configure:16638: gcc -o conftest -g -O2 -O2 -g -W -Wall  -DDEBUG  conftest.c  >&5
configure:16641: $? = 0
configure:16647: ./conftest
configure:16650: $? = 0
configure:16666: result: yes
configure:16678: checking for connect
configure:16734: gcc -o conftest -g -O2 -O2 -g -W -Wall  -DDEBUG  conftest.c  >&5
configure:16740: $? = 0
configure:16757: result: yes
configure:16841: checking for inet_ntoa
configure:16897: gcc -o conftest -g -O2 -O2 -g -W -Wall  -DDEBUG  conftest.c  >&5
configure:16903: $? = 0
configure:16920: result: yes
configure:17010: checking for getopt_long
configure:17066: gcc -o conftest -g -O2 -O2 -g -W -Wall  -DDEBUG  conftest.c  >&5
configure:17072: $? = 0
configure:17090: result: yes
configure:17137: checking openssl/ssl.h usability
configure:17154: gcc -c -g -O2 -O2 -g -W -Wall  -DDEBUG conftest.c >&5
configure:17160: $? = 0
configure:17174: result: yes
configure:17178: checking openssl/ssl.h presence
configure:17193: gcc -E  -DDEBUG conftest.c
configure:17199: $? = 0
configure:17213: result: yes
configure:17246: checking for openssl/ssl.h
configure:17253: result: yes
configure:17259: checking for main in -lrsaref
configure:17288: gcc -o conftest -g -O2 -O2 -g -W -Wall  -DDEBUG  conftest.c -lrsaref   >&5
ld: library not found for -lrsaref
collect2: ld returned 1 exit status
configure:17294: $? = 1
configure: failed program was:
| /* confdefs.h.  */
| #define PACKAGE_NAME "libetpan"
| #define PACKAGE_TARNAME "libetpan"
| #define PACKAGE_VERSION "0.58"
| #define PACKAGE_STRING "libetpan 0.58"
| #define PACKAGE_BUGREPORT "libetpan-devel@lists.sourceforge.net"
| #define PACKAGE "libetpan"
| #define VERSION "0.58"
| #define UNSTRICT_SYNTAX 1
| #define STDC_HEADERS 1
| #define HAVE_SYS_TYPES_H 1
| #define HAVE_SYS_STAT_H 1
| #define HAVE_STDLIB_H 1
| #define HAVE_STRING_H 1
| #define HAVE_MEMORY_H 1
| #define HAVE_STRINGS_H 1
| #define HAVE_INTTYPES_H 1
| #define HAVE_STDINT_H 1
| #define HAVE_UNISTD_H 1
| #define HAVE_DLFCN_H 1
| #define LT_OBJDIR ".libs/"
| #define STDC_HEADERS 1
| #define HAVE_FCNTL_H 1
| #define HAVE_UNISTD_H 1
| #define HAVE_CTYPE_H 1
| #define HAVE_SYS_TYPES_H 1
| #define HAVE_SYS_STAT_H 1
| #define HAVE_SYS_MMAN_H 1
| #define HAVE_LIMITS_H 1
| #define HAVE_NETDB_H 1
| #define HAVE_NETINET_IN_H 1
| #define HAVE_SYS_SOCKET_H 1
| #define HAVE_SYS_PARAM_H 1
| #define HAVE_SYS_SELECT_H 1
| #define HAVE_INTTYPES_H 1
| #define HAVE_ARPA_INET_H 1
| #define HAVE_STDLIB_H 1
| #define HAVE_UNISTD_H 1
| #define HAVE_GETPAGESIZE 1
| #define HAVE_MMAP 1
| #define HAVE_GETOPT_LONG 1
| /* end confdefs.h.  */
| 
| 
| int
| main ()
| {
| return main ();
|   ;
|   return 0;
| }
configure:17312: result: no
configure:17318: checking for main in -lcrypto
configure:17347: gcc -o conftest -g -O2 -O2 -g -W -Wall  -DDEBUG  conftest.c -lcrypto   >&5
configure:17353: $? = 0
configure:17371: result: yes
configure:17377: checking for SSL_library_init in -lssl
configure:17412: gcc -o conftest -g -O2 -O2 -g -W -Wall  -DDEBUG  conftest.c -lssl -lcrypto   >&5
configure:17418: $? = 0
configure:17436: result: yes
configure:17734: checking iconv.h usability
configure:17751: gcc -c -g -O2 -O2 -g -W -Wall  -DDEBUG conftest.c >&5
configure:17757: $? = 0
configure:17771: result: yes
configure:17775: checking iconv.h presence
configure:17790: gcc -E  -DDEBUG conftest.c
configure:17796: $? = 0
configure:17810: result: yes
configure:17843: checking for iconv.h
configure:17850: result: yes
configure:17863: checking checking iconv() prototype
configure:17893: gcc -c -g -O2 -O2 -g -W -Wall -std=c99  -DDEBUG conftest.c >&5
configure:17899: $? = 0
configure:17939: gcc -c -g -O2 -O2 -g -W -Wall -std=c99  -DDEBUG conftest.c >&5
conftest.c:48: error: conflicting types for 'iconv'
/usr/include/iconv.h:74: error: previous declaration of 'iconv' was here
configure:17945: $? = 1
configure: failed program was:
| /* confdefs.h.  */
| #define PACKAGE_NAME "libetpan"
| #define PACKAGE_TARNAME "libetpan"
| #define PACKAGE_VERSION "0.58"
| #define PACKAGE_STRING "libetpan 0.58"
| #define PACKAGE_BUGREPORT "libetpan-devel@lists.sourceforge.net"
| #define PACKAGE "libetpan"
| #define VERSION "0.58"
| #define UNSTRICT_SYNTAX 1
| #define STDC_HEADERS 1
| #define HAVE_SYS_TYPES_H 1
| #define HAVE_SYS_STAT_H 1
| #define HAVE_STDLIB_H 1
| #define HAVE_STRING_H 1
| #define HAVE_MEMORY_H 1
| #define HAVE_STRINGS_H 1
| #define HAVE_INTTYPES_H 1
| #define HAVE_STDINT_H 1
| #define HAVE_UNISTD_H 1
| #define HAVE_DLFCN_H 1
| #define LT_OBJDIR ".libs/"
| #define STDC_HEADERS 1
| #define HAVE_FCNTL_H 1
| #define HAVE_UNISTD_H 1
| #define HAVE_CTYPE_H 1
| #define HAVE_SYS_TYPES_H 1
| #define HAVE_SYS_STAT_H 1
| #define HAVE_SYS_MMAN_H 1
| #define HAVE_LIMITS_H 1
| #define HAVE_NETDB_H 1
| #define HAVE_NETINET_IN_H 1
| #define HAVE_SYS_SOCKET_H 1
| #define HAVE_SYS_PARAM_H 1
| #define HAVE_SYS_SELECT_H 1
| #define HAVE_INTTYPES_H 1
| #define HAVE_ARPA_INET_H 1
| #define HAVE_STDLIB_H 1
| #define HAVE_UNISTD_H 1
| #define HAVE_GETPAGESIZE 1
| #define HAVE_MMAP 1
| #define HAVE_GETOPT_LONG 1
| #define USE_SSL 1
| /* end confdefs.h.  */
| #include <iconv.h>
|        size_t iconv (iconv_t cd, const char ** restrict inbuf,
|                      size_t * restrict inbytesleft,
|                      char ** restrict outbuf,
|                      size_t * restrict outbytesleft);
| int
| main ()
| {
| 
|   ;
|   return 0;
| }
configure:17965: result: ok
configure:17968: checking for iconv
configure:17996: gcc -o conftest -g -O2 -O2 -g -W -Wall  -DDEBUG  conftest.c  >&5
Undefined symbols:
  "_iconv_close", referenced from:
      _main in cc3v9IPR.o
  "_iconv", referenced from:
      _main in cc3v9IPR.o
  "_iconv_open", referenced from:
      _main in cc3v9IPR.o
ld: symbol(s) not found
collect2: ld returned 1 exit status
configure:18002: $? = 1
configure: failed program was:
| /* confdefs.h.  */
| #define PACKAGE_NAME "libetpan"
| #define PACKAGE_TARNAME "libetpan"
| #define PACKAGE_VERSION "0.58"
| #define PACKAGE_STRING "libetpan 0.58"
| #define PACKAGE_BUGREPORT "libetpan-devel@lists.sourceforge.net"
| #define PACKAGE "libetpan"
| #define VERSION "0.58"
| #define UNSTRICT_SYNTAX 1
| #define STDC_HEADERS 1
| #define HAVE_SYS_TYPES_H 1
| #define HAVE_SYS_STAT_H 1
| #define HAVE_STDLIB_H 1
| #define HAVE_STRING_H 1
| #define HAVE_MEMORY_H 1
| #define HAVE_STRINGS_H 1
| #define HAVE_INTTYPES_H 1
| #define HAVE_STDINT_H 1
| #define HAVE_UNISTD_H 1
| #define HAVE_DLFCN_H 1
| #define LT_OBJDIR ".libs/"
| #define STDC_HEADERS 1
| #define HAVE_FCNTL_H 1
| #define HAVE_UNISTD_H 1
| #define HAVE_CTYPE_H 1
| #define HAVE_SYS_TYPES_H 1
| #define HAVE_SYS_STAT_H 1
| #define HAVE_SYS_MMAN_H 1
| #define HAVE_LIMITS_H 1
| #define HAVE_NETDB_H 1
| #define HAVE_NETINET_IN_H 1
| #define HAVE_SYS_SOCKET_H 1
| #define HAVE_SYS_PARAM_H 1
| #define HAVE_SYS_SELECT_H 1
| #define HAVE_INTTYPES_H 1
| #define HAVE_ARPA_INET_H 1
| #define HAVE_STDLIB_H 1
| #define HAVE_UNISTD_H 1
| #define HAVE_GETPAGESIZE 1
| #define HAVE_MMAP 1
| #define HAVE_GETOPT_LONG 1
| #define USE_SSL 1
| /* end confdefs.h.  */
| #include <stdlib.h>
| #include <iconv.h>
| int
| main ()
| {
| iconv_t cd = iconv_open("","");
|         iconv(cd,NULL,NULL,NULL,NULL);
|         iconv_close(cd);
|   ;
|   return 0;
| }
configure:18046: gcc -o conftest -g -O2 -O2 -g -W -Wall  -DDEBUG  conftest.c -liconv >&5
configure:18052: $? = 0
configure:18073: result: found
configure:18130: checking db.h usability
configure:18147: gcc -c -g -O2 -O2 -g -W -Wall  -DDEBUG conftest.c >&5
configure:18153: $? = 0
configure:18167: result: yes
configure:18171: checking db.h presence
configure:18186: gcc -E  -DDEBUG conftest.c
configure:18192: $? = 0
configure:18206: result: yes
configure:18239: checking for db.h
configure:18246: result: yes
configure:18260: checking version of Berkeley DB
configure:18286: gcc -c -g -O2 -O2 -g -W -Wall  -DDEBUG conftest.c >&5
conftest.c:50:6: error: #error DB version 3 or above needed
configure:18292: $? = 1
configure: failed program was:
| /* confdefs.h.  */
| #define PACKAGE_NAME "libetpan"
| #define PACKAGE_TARNAME "libetpan"
| #define PACKAGE_VERSION "0.58"
| #define PACKAGE_STRING "libetpan 0.58"
| #define PACKAGE_BUGREPORT "libetpan-devel@lists.sourceforge.net"
| #define PACKAGE "libetpan"
| #define VERSION "0.58"
| #define UNSTRICT_SYNTAX 1
| #define STDC_HEADERS 1
| #define HAVE_SYS_TYPES_H 1
| #define HAVE_SYS_STAT_H 1
| #define HAVE_STDLIB_H 1
| #define HAVE_STRING_H 1
| #define HAVE_MEMORY_H 1
| #define HAVE_STRINGS_H 1
| #define HAVE_INTTYPES_H 1
| #define HAVE_STDINT_H 1
| #define HAVE_UNISTD_H 1
| #define HAVE_DLFCN_H 1
| #define LT_OBJDIR ".libs/"
| #define STDC_HEADERS 1
| #define HAVE_FCNTL_H 1
| #define HAVE_UNISTD_H 1
| #define HAVE_CTYPE_H 1
| #define HAVE_SYS_TYPES_H 1
| #define HAVE_SYS_STAT_H 1
| #define HAVE_SYS_MMAN_H 1
| #define HAVE_LIMITS_H 1
| #define HAVE_NETDB_H 1
| #define HAVE_NETINET_IN_H 1
| #define HAVE_SYS_SOCKET_H 1
| #define HAVE_SYS_PARAM_H 1
| #define HAVE_SYS_SELECT_H 1
| #define HAVE_INTTYPES_H 1
| #define HAVE_ARPA_INET_H 1
| #define HAVE_STDLIB_H 1
| #define HAVE_UNISTD_H 1
| #define HAVE_GETPAGESIZE 1
| #define HAVE_MMAP 1
| #define HAVE_GETOPT_LONG 1
| #define USE_SSL 1
| #define HAVE_ICONV 1
| /* end confdefs.h.  */
| #include <db.h>
| int
| main ()
| {
| #if DB_VERSION_MAJOR < 3
|     #error DB version 3 or above needed
|     #endif
|   ;
|   return 0;
| }
configure:18332: gcc -c -g -O2 -O2 -g -W -Wall  -DDEBUG conftest.c >&5
conftest.c:50:9: error: #error DB version 2 needed
configure:18338: $? = 1
configure: failed program was:
| /* confdefs.h.  */
| #define PACKAGE_NAME "libetpan"
| #define PACKAGE_TARNAME "libetpan"
| #define PACKAGE_VERSION "0.58"
| #define PACKAGE_STRING "libetpan 0.58"
| #define PACKAGE_BUGREPORT "libetpan-devel@lists.sourceforge.net"
| #define PACKAGE "libetpan"
| #define VERSION "0.58"
| #define UNSTRICT_SYNTAX 1
| #define STDC_HEADERS 1
| #define HAVE_SYS_TYPES_H 1
| #define HAVE_SYS_STAT_H 1
| #define HAVE_STDLIB_H 1
| #define HAVE_STRING_H 1
| #define HAVE_MEMORY_H 1
| #define HAVE_STRINGS_H 1
| #define HAVE_INTTYPES_H 1
| #define HAVE_STDINT_H 1
| #define HAVE_UNISTD_H 1
| #define HAVE_DLFCN_H 1
| #define LT_OBJDIR ".libs/"
| #define STDC_HEADERS 1
| #define HAVE_FCNTL_H 1
| #define HAVE_UNISTD_H 1
| #define HAVE_CTYPE_H 1
| #define HAVE_SYS_TYPES_H 1
| #define HAVE_SYS_STAT_H 1
| #define HAVE_SYS_MMAN_H 1
| #define HAVE_LIMITS_H 1
| #define HAVE_NETDB_H 1
| #define HAVE_NETINET_IN_H 1
| #define HAVE_SYS_SOCKET_H 1
| #define HAVE_SYS_PARAM_H 1
| #define HAVE_SYS_SELECT_H 1
| #define HAVE_INTTYPES_H 1
| #define HAVE_ARPA_INET_H 1
| #define HAVE_STDLIB_H 1
| #define HAVE_UNISTD_H 1
| #define HAVE_GETPAGESIZE 1
| #define HAVE_MMAP 1
| #define HAVE_GETOPT_LONG 1
| #define USE_SSL 1
| #define HAVE_ICONV 1
| /* end confdefs.h.  */
| #include <db.h>
| int
| main ()
| {
| #if DB_VERSION_MAJOR != 2
|        #error DB version 2 needed
|        #endif
|   ;
|   return 0;
| }
configure:18496: result: version 1.x
configure:18498: checking for dbopen
configure:18554: gcc -o conftest -g -O2 -O2 -g -W -Wall  -DDEBUG  conftest.c  >&5
configure:18560: $? = 0
configure:18577: result: yes
configure:18697: checking pthread.h usability
configure:18714: gcc -c -g -O2 -O2 -g -W -Wall  -DDEBUG conftest.c >&5
configure:18720: $? = 0
configure:18734: result: yes
configure:18738: checking pthread.h presence
configure:18753: gcc -E  -DDEBUG conftest.c
configure:18759: $? = 0
configure:18773: result: yes
configure:18806: checking for pthread.h
configure:18814: result: yes
configure:18834: checking for pthread_create with libc
configure:18857: gcc -o conftest -g -O2 -O2 -g -W -Wall  -DDEBUG -D_REENTRANT  conftest.c  >&5
conftest.c: In function 'main':
conftest.c:51: warning: implicit declaration of function 'pthread_create'
configure:18863: $? = 0
configure:18879: result: yes
configure:19123: checking for lockfile_create in -llockfile
configure:19158: gcc -o conftest -g -O2 -O2 -g -W -Wall  -DDEBUG -D_REENTRANT  conftest.c -llockfile   >&5
ld: library not found for -llockfile
collect2: ld returned 1 exit status
configure:19164: $? = 1
configure: failed program was:
| /* confdefs.h.  */
| #define PACKAGE_NAME "libetpan"
| #define PACKAGE_TARNAME "libetpan"
| #define PACKAGE_VERSION "0.58"
| #define PACKAGE_STRING "libetpan 0.58"
| #define PACKAGE_BUGREPORT "libetpan-devel@lists.sourceforge.net"
| #define PACKAGE "libetpan"
| #define VERSION "0.58"
| #define UNSTRICT_SYNTAX 1
| #define STDC_HEADERS 1
| #define HAVE_SYS_TYPES_H 1
| #define HAVE_SYS_STAT_H 1
| #define HAVE_STDLIB_H 1
| #define HAVE_STRING_H 1
| #define HAVE_MEMORY_H 1
| #define HAVE_STRINGS_H 1
| #define HAVE_INTTYPES_H 1
| #define HAVE_STDINT_H 1
| #define HAVE_UNISTD_H 1
| #define HAVE_DLFCN_H 1
| #define LT_OBJDIR ".libs/"
| #define STDC_HEADERS 1
| #define HAVE_FCNTL_H 1
| #define HAVE_UNISTD_H 1
| #define HAVE_CTYPE_H 1
| #define HAVE_SYS_TYPES_H 1
| #define HAVE_SYS_STAT_H 1
| #define HAVE_SYS_MMAN_H 1
| #define HAVE_LIMITS_H 1
| #define HAVE_NETDB_H 1
| #define HAVE_NETINET_IN_H 1
| #define HAVE_SYS_SOCKET_H 1
| #define HAVE_SYS_PARAM_H 1
| #define HAVE_SYS_SELECT_H 1
| #define HAVE_INTTYPES_H 1
| #define HAVE_ARPA_INET_H 1
| #define HAVE_STDLIB_H 1
| #define HAVE_UNISTD_H 1
| #define HAVE_GETPAGESIZE 1
| #define HAVE_MMAP 1
| #define HAVE_GETOPT_LONG 1
| #define USE_SSL 1
| #define HAVE_ICONV 1
| #define DBVERS 1
| #define HAVE_PTHREAD_H 1
| #define LIBETPAN_REENTRANT 1
| /* end confdefs.h.  */
| 
| /* Override any GCC internal prototype to avoid an error.
|    Use char because int might match the return type of a GCC
|    builtin and then its argument prototype would still apply.  */
| #ifdef __cplusplus
| extern "C"
| #endif
| char lockfile_create ();
| int
| main ()
| {
| return lockfile_create ();
|   ;
|   return 0;
| }
configure:19182: result: no
configure:19242: checking sasl/sasl.h usability
configure:19259: gcc -c -g -O2 -O2 -g -W -Wall  -DDEBUG -D_REENTRANT conftest.c >&5
configure:19265: $? = 0
configure:19279: result: yes
configure:19283: checking sasl/sasl.h presence
configure:19298: gcc -E  -DDEBUG -D_REENTRANT conftest.c
configure:19304: $? = 0
configure:19318: result: yes
configure:19351: checking for sasl/sasl.h
configure:19358: result: yes
configure:19364: checking for sasl_client_init in -lsasl2
configure:19399: gcc -o conftest -g -O2 -O2 -g -W -Wall  -DDEBUG -D_REENTRANT  conftest.c -lsasl2   >&5
configure:19405: $? = 0
configure:19423: result: yes
configure:19457: checking whether to use IPv6
configure:19459: result: maybe
configure:19462: checking for IPv6 support
configure:19487: gcc -c -g -O2 -O2 -g -W -Wall  -DDEBUG -D_REENTRANT conftest.c >&5
conftest.c: In function 'main':
conftest.c:57: warning: unused variable 'a'
conftest.c:57: warning: unused variable 'x'
configure:19493: $? = 0
configure:19507: result: yes
configure:19524: checking for getaddrinfo
configure:19547: gcc -o conftest -g -O2 -O2 -g -W -Wall  -DDEBUG -D_REENTRANT  conftest.c  >&5
conftest.c: In function 'main':
conftest.c:56: warning: implicit declaration of function 'getaddrinfo'
configure:19553: $? = 0
configure:19569: result: yes
configure:19524: checking for freeaddrinfo
configure:19547: gcc -o conftest -g -O2 -O2 -g -W -Wall  -DDEBUG -D_REENTRANT  conftest.c  >&5
conftest.c: In function 'main':
conftest.c:56: warning: implicit declaration of function 'freeaddrinfo'
configure:19553: $? = 0
configure:19569: result: yes
configure:19584: checking for curl-config
configure:19602: found /usr/bin/curl-config
configure:19614: result: /usr/bin/curl-config
configure:19634: checking curl/curl.h usability
configure:19651: gcc -c -g -O2 -O2 -g -W -Wall  -DDEBUG -D_REENTRANT  conftest.c >&5
configure:19657: $? = 0
configure:19671: result: yes
configure:19675: checking curl/curl.h presence
configure:19690: gcc -E  -DDEBUG -D_REENTRANT  conftest.c
configure:19696: $? = 0
configure:19710: result: yes
configure:19743: checking for curl/curl.h
configure:19750: result: yes
configure:19760: checking whether curl-config hints compiles and links fine
configure:19785: gcc -o conftest -g -O2 -O2 -g -W -Wall  -DDEBUG -D_REENTRANT   -lcurl -lssl -lcrypto -Wl,-weak-lldap -dynamic -Os -pipe -g0 -Wno-system-headers -Wl,-search_paths_first -Wl,-weak-lgssapi_krb5 -Wl,-weak-lkrb5 -Wl,-weak-lk5crypto -Wl,-weak-lcom_err -Wl,-weak-lresolv -lssl -lcrypto -lz -lz conftest.c  >&5
conftest.c: In function 'main':
conftest.c:56: warning: implicit declaration of function 'curl_easy_init'
configure:19791: $? = 0
configure:19807: result: yes
configure:19847: checking expat.h usability
configure:19864: gcc -c -g -O2 -O2 -g -W -Wall  -DDEBUG -D_REENTRANT  conftest.c >&5
configure:19870: $? = 0
configure:19884: result: yes
configure:19888: checking expat.h presence
configure:19903: gcc -E  -DDEBUG -D_REENTRANT  conftest.c
configure:19909: $? = 0
configure:19923: result: yes
configure:19956: checking for expat.h
configure:19963: result: yes
configure:19973: checking whether libexpat compiles and links fine
configure:19998: gcc -o conftest -g -O2 -O2 -g -W -Wall  -DDEBUG -D_REENTRANT   -lcurl -lssl -lcrypto -Wl,-weak-lldap -dynamic -Os -pipe -g0 -Wno-system-headers -Wl,-search_paths_first -Wl,-weak-lgssapi_krb5 -Wl,-weak-lkrb5 -Wl,-weak-lk5crypto -Wl,-weak-lcom_err -Wl,-weak-lresolv -lssl -lcrypto -lz -lz -lexpat conftest.c  >&5
conftest.c: In function 'main':
conftest.c:57: warning: implicit declaration of function 'XML_SetElementHandler'
configure:20004: $? = 0
configure:20020: result: yes
configure:20204: creating ./config.status

## ---------------------- ##
## Running config.status. ##
## ---------------------- ##

This file was extended by libetpan config.status 0.58, which was
generated by GNU Autoconf 2.61.  Invocation command line was

  CONFIG_FILES    = 
  CONFIG_HEADERS  = 
  CONFIG_LINKS    = 
  CONFIG_COMMANDS = 
  $ ./config.status 

on Rickover.local

config.status:974: creating libetpan-config
config.status:974: creating Makefile
config.status:974: creating build-windows/Makefile
config.status:974: creating include/Makefile
config.status:974: creating src/Makefile
config.status:974: creating src/bsd/Makefile
config.status:974: creating src/windows/Makefile
config.status:974: creating src/data-types/Makefile
config.status:974: creating src/low-level/Makefile
config.status:974: creating src/low-level/feed/Makefile
config.status:974: creating src/low-level/imap/Makefile
config.status:974: creating src/low-level/imf/Makefile
config.status:974: creating src/low-level/maildir/Makefile
config.status:974: creating src/low-level/mbox/Makefile
config.status:974: creating src/low-level/mh/Makefile
config.status:974: creating src/low-level/mime/Makefile
config.status:974: creating src/low-level/nntp/Makefile
config.status:974: creating src/low-level/pop3/Makefile
config.status:974: creating src/low-level/smtp/Makefile
config.status:974: creating src/driver/Makefile
config.status:974: creating src/driver/implementation/Makefile
config.status:974: creating src/driver/implementation/data-message/Makefile
config.status:974: creating src/driver/implementation/db/Makefile
config.status:974: creating src/driver/implementation/feed/Makefile
config.status:974: creating src/driver/implementation/hotmail/Makefile
config.status:974: creating src/driver/implementation/imap/Makefile
config.status:974: creating src/driver/implementation/maildir/Makefile
config.status:974: creating src/driver/implementation/mbox/Makefile
config.status:974: creating src/driver/implementation/mh/Makefile
config.status:974: creating src/driver/implementation/mime-message/Makefile
config.status:974: creating src/driver/implementation/nntp/Makefile
config.status:974: creating src/driver/implementation/pop3/Makefile
config.status:974: creating src/driver/interface/Makefile
config.status:974: creating src/driver/tools/Makefile
config.status:974: creating src/main/Makefile
config.status:974: creating src/main/libetpan_version.h
config.status:974: creating src/engine/Makefile
config.status:974: creating src/versioninfo.rc
config.status:974: creating doc/Makefile
config.status:974: creating tests/Makefile
config.status:974: creating config.h
config.status:1289: executing depfiles commands
config.status:1289: executing libtool commands

## ---------------- ##
## Cache variables. ##
## ---------------- ##

ac_cv_build=i386-apple-darwin10.2.0
ac_cv_c_compiler_gnu=yes
ac_cv_c_inline=inline
ac_cv_cxx_compiler_gnu=yes
ac_cv_env_CCC_set=
ac_cv_env_CCC_value=
ac_cv_env_CC_set=
ac_cv_env_CC_value=
ac_cv_env_CFLAGS_set=
ac_cv_env_CFLAGS_value=
ac_cv_env_CPPFLAGS_set=
ac_cv_env_CPPFLAGS_value=
ac_cv_env_CPP_set=
ac_cv_env_CPP_value=
ac_cv_env_CXXCPP_set=
ac_cv_env_CXXCPP_value=
ac_cv_env_CXXFLAGS_set=
ac_cv_env_CXXFLAGS_value=
ac_cv_env_CXX_set=
ac_cv_env_CXX_value=
ac_cv_env_LDFLAGS_set=
ac_cv_env_LDFLAGS_value=
ac_cv_env_LIBS_set=
ac_cv_env_LIBS_value=
ac_cv_env_build_alias_set=
ac_cv_env_build_alias_value=
ac_cv_env_host_alias_set=
ac_cv_env_host_alias_value=
ac_cv_env_target_alias_set=
ac_cv_env_target_alias_value=
ac_cv_func_connect=yes
ac_cv_func_dbopen=yes
ac_cv_func_getopt_long=yes
ac_cv_func_getpagesize=yes
ac_cv_func_inet_ntoa=yes
ac_cv_func_mmap_fixed_mapped=yes
ac_cv_header_arpa_inet_h=yes
ac_cv_header_ctype_h=yes
ac_cv_header_curl_curl_h=yes
ac_cv_header_db_h=yes
ac_cv_header_dlfcn_h=yes
ac_cv_header_expat_h=yes
ac_cv_header_fcntl_h=yes
ac_cv_header_iconv_h=yes
ac_cv_header_inttypes_h=yes
ac_cv_header_limits_h=yes
ac_cv_header_memory_h=yes
ac_cv_header_netdb_h=yes
ac_cv_header_netinet_in_h=yes
ac_cv_header_openssl_ssl_h=yes
ac_cv_header_pthread_h=yes
ac_cv_header_sasl_sasl_h=yes
ac_cv_header_stdc=yes
ac_cv_header_stdint_h=yes
ac_cv_header_stdlib_h=yes
ac_cv_header_string_h=yes
ac_cv_header_strings_h=yes
ac_cv_header_sys_mman_h=yes
ac_cv_header_sys_param_h=yes
ac_cv_header_sys_select_h=yes
ac_cv_header_sys_socket_h=yes
ac_cv_header_sys_stat_h=yes
ac_cv_header_sys_types_h=yes
ac_cv_header_unistd_h=yes
ac_cv_header_winsock2_h=no
ac_cv_host=i386-apple-darwin10.2.0
ac_cv_lib_crypto_main=yes
ac_cv_lib_lockfile_lockfile_create=no
ac_cv_lib_rsaref_main=no
ac_cv_lib_sasl2_sasl_client_init=yes
ac_cv_lib_ssl_SSL_library_init=yes
ac_cv_objext=o
ac_cv_path_EGREP='/usr/bin/grep -E'
ac_cv_path_FGREP='/usr/bin/grep -F'
ac_cv_path_GREP=/usr/bin/grep
ac_cv_path_SED=/usr/bin/sed
ac_cv_path_install='/usr/bin/install -c'
ac_cv_path_libcurlconfig=/usr/bin/curl-config
ac_cv_prog_AWK=gawk
ac_cv_prog_CPP='gcc -E'
ac_cv_prog_CXXCPP='g++ -E'
ac_cv_prog_ac_ct_AR=ar
ac_cv_prog_ac_ct_CC=gcc
ac_cv_prog_ac_ct_CXX=g++
ac_cv_prog_ac_ct_DSYMUTIL=dsymutil
ac_cv_prog_ac_ct_LIPO=lipo
ac_cv_prog_ac_ct_NMEDIT=nmedit
ac_cv_prog_ac_ct_OTOOL=otool
ac_cv_prog_ac_ct_RANLIB=ranlib
ac_cv_prog_ac_ct_STRIP=strip
ac_cv_prog_cc_c89=
ac_cv_prog_cc_g=yes
ac_cv_prog_cxx_g=yes
ac_cv_prog_make_make_set=yes
am_cv_CC_dependencies_compiler_type=gcc3
am_cv_CXX_dependencies_compiler_type=gcc3
lt_cv_apple_cc_single_mod=yes
lt_cv_deplibs_check_method=pass_all
lt_cv_file_magic_cmd='$MAGIC_CMD'
lt_cv_file_magic_test_file=
lt_cv_ld_exported_symbols_list=yes
lt_cv_ld_reload_flag=-r
lt_cv_nm_interface='BSD nm'
lt_cv_objdir=.libs
lt_cv_path_LD=/usr/libexec/gcc/i686-apple-darwin10/4.2.1/ld
lt_cv_path_LDCXX=/usr/libexec/gcc/i686-apple-darwin10/4.2.1/ld
lt_cv_path_NM=/usr/bin/nm
lt_cv_prog_compiler_c_o=yes
lt_cv_prog_compiler_c_o_CXX=yes
lt_cv_prog_compiler_pic_works=yes
lt_cv_prog_compiler_pic_works_CXX=yes
lt_cv_prog_compiler_rtti_exceptions=no
lt_cv_prog_compiler_static_works=no
lt_cv_prog_compiler_static_works_CXX=no
lt_cv_prog_gnu_ld=no
lt_cv_prog_gnu_ldcxx=no
lt_cv_sys_global_symbol_pipe='sed -n -e '\''s/^.*[	 ]\([BCDEGRST][BCDEGRST]*\)[	 ][	 ]*_\([_A-Za-z][_A-Za-z0-9]*\)$/\1 _\2 \2/p'\'''
lt_cv_sys_global_symbol_to_c_name_address='sed -n -e '\''s/^: \([^ ]*\) $/  {\"\1\", (void *) 0},/p'\'' -e '\''s/^[BCDEGRST]* \([^ ]*\) \([^ ]*\)$/  {"\2", (void *) \&\2},/p'\'''
lt_cv_sys_global_symbol_to_c_name_address_lib_prefix='sed -n -e '\''s/^: \([^ ]*\) $/  {\"\1\", (void *) 0},/p'\'' -e '\''s/^[BCDEGRST]* \([^ ]*\) \(lib[^ ]*\)$/  {"\2", (void *) \&\2},/p'\'' -e '\''s/^[BCDEGRST]* \([^ ]*\) \([^ ]*\)$/  {"lib\2", (void *) \&\2},/p'\'''
lt_cv_sys_global_symbol_to_cdecl='sed -n -e '\''s/^T .* \(.*\)$/extern int \1();/p'\'' -e '\''s/^[BCDEGRST]* .* \(.*\)$/extern char \1;/p'\'''
lt_cv_sys_max_cmd_len=196608

## ----------------- ##
## Output variables. ##
## ----------------- ##

ACLOCAL='${SHELL} /Users/mronge/repo/mailcore/libetpan/missing --run aclocal-1.10'
AMDEPBACKSLASH='\'
AMDEP_FALSE='#'
AMDEP_TRUE=''
AMTAR='${SHELL} /Users/mronge/repo/mailcore/libetpan/missing --run tar'
API_COMPATIBILITY='13'
API_CURRENT='14'
API_REVISION='3'
API_VERSION='14:3:1'
AR='ar'
AS='as'
AUTOCONF='${SHELL} /Users/mronge/repo/mailcore/libetpan/missing --run autoconf'
AUTOHEADER='${SHELL} /Users/mronge/repo/mailcore/libetpan/missing --run autoheader'
AUTOMAKE='${SHELL} /Users/mronge/repo/mailcore/libetpan/missing --run automake-1.10'
AWK='gawk'
BUILD_FILEVERSION='0,58,0,0'
BUILD_REVISION='0'
BUILD_TIMESTAMP='2010-01-04T20:39-0500'
CC='gcc'
CCDEPMODE='depmode=gcc3'
CFLAGS='-g -O2 -O2 -g -W -Wall'
CPP='gcc -E'
CPPFLAGS=' -DDEBUG -D_REENTRANT '
CXX='g++'
CXXCPP='g++ -E'
CXXDEPMODE='depmode=gcc3'
CXXFLAGS='-g -O2'
CYGPATH_W='echo'
DBLIB=''
DEFS='-DHAVE_CONFIG_H'
DEPDIR='.deps'
DLLTOOL='dlltool'
DSYMUTIL='dsymutil'
DUMPBIN=''
ECHO_C='ECHO_N=''
ECHO_T=''
EGREP='/usr/bin/grep -E'
EXEEXT=''
FGREP='/usr/bin/grep -F'
GNUTLSLIB=''
GREP='/usr/bin/grep'
HAVE_MINGW32_SYSTEM_FALSE=''
HAVE_MINGW32_SYSTEM_TRUE='#'
INSTALL='$(SHELL) $(top_srcdir)/install-sh -c'
INSTALL_DATA='${INSTALL} -m 644'
INSTALL_PROGRAM='${INSTALL}'
INSTALL_SCRIPT='${INSTALL}'
INSTALL_STRIP_PROGRAM='$(install_sh) -c -s'
LD='/usr/libexec/gcc/i686-apple-darwin10/4.2.1/ld'
LDFLAGS=' -lcurl -lssl -lcrypto -Wl,-weak-lldap -dynamic -Os -pipe -g0 -Wno-system-headers -Wl,-search_paths_first -Wl,-weak-lgssapi_krb5 -Wl,-weak-lkrb5 -Wl,-weak-lk5crypto -Wl,-weak-lcom_err -Wl,-weak-lresolv -lssl -lcrypto -lz -lz -lexpat'
LIBICONV='-liconv'
LIBOBJS=''
LIBS=''
LIBSUFFIX=''
LIBTOOL='$(SHELL) $(top_builddir)/libtool'
LIPO='lipo'
LN_S='ln -s'
LTLIBOBJS=''
MAINT='#'
MAINTAINER_MODE_FALSE=''
MAINTAINER_MODE_TRUE='#'
MAKEINFO='${SHELL} /Users/mronge/repo/mailcore/libetpan/missing --run makeinfo'
NM='/usr/bin/nm'
NMEDIT='nmedit'
OBJDUMP='objdump'
OBJEXT='o'
OTOOL64=':'
OTOOL='otool'
PACKAGE='libetpan'
PACKAGE_BUGREPORT='libetpan-devel@lists.sourceforge.net'
PACKAGE_NAME='libetpan'
PACKAGE_STRING='libetpan 0.58'
PACKAGE_TARNAME='libetpan'
PACKAGE_VERSION='0.58'
PATH_SEPARATOR=':'
RANLIB='ranlib'
REENTRANT='1'
SASLLIBS='-lsasl2 '
SED='/usr/bin/sed'
SET_MAKE=''
SHELL='/bin/sh'
SSLLIBS='-lssl -lcrypto '
STRIP='strip'
VERSION='0.58-dev-20100104'
VERSION_MAJOR='0'
VERSION_MINOR='58'
ac_ct_CC='gcc'
ac_ct_CXX='g++'
ac_ct_DUMPBIN=''
am__fastdepCC_FALSE='#'
am__fastdepCC_TRUE=''
am__fastdepCXX_FALSE='#'
am__fastdepCXX_TRUE=''
am__include='include'
am__isrc=''
am__leading_dot='.'
am__quote=''
am__tar='${AMTAR} chof - "$$tardir"'
am__untar='${AMTAR} xf -'
bindir='${exec_prefix}/bin'
build='i386-apple-darwin10.2.0'
build_alias=''
build_cpu='i386'
build_os='darwin10.2.0'
build_vendor='apple'
cfg_files=' /Users/mronge/repo/mailcore/libetpan/libetpan-config /Users/mronge/repo/mailcore/libetpan/Makefile /Users/mronge/repo/mailcore/libetpan/build-windows/Makefile /Users/mronge/repo/mailcore/libetpan/include/Makefile /Users/mronge/repo/mailcore/libetpan/src/Makefile /Users/mronge/repo/mailcore/libetpan/src/bsd/Makefile /Users/mronge/repo/mailcore/libetpan/src/windows/Makefile /Users/mronge/repo/mailcore/libetpan/src/data-types/Makefile /Users/mronge/repo/mailcore/libetpan/src/low-level/Makefile /Users/mronge/repo/mailcore/libetpan/src/low-level/feed/Makefile /Users/mronge/repo/mailcore/libetpan/src/low-level/imap/Makefile /Users/mronge/repo/mailcore/libetpan/src/low-level/imf/Makefile /Users/mronge/repo/mailcore/libetpan/src/low-level/maildir/Makefile /Users/mronge/repo/mailcore/libetpan/src/low-level/mbox/Makefile /Users/mronge/repo/mailcore/libetpan/src/low-level/mh/Makefile /Users/mronge/repo/mailcore/libetpan/src/low-level/mime/Makefile /Users/mronge/repo/mailcore/libetpan/src/low-level/nntp/Makefile /Users/mronge/repo/mailcore/libetpan/src/low-level/pop3/Makefile /Users/mronge/repo/mailcore/libetpan/src/low-level/smtp/Makefile /Users/mronge/repo/mailcore/libetpan/src/driver/Makefile /Users/mronge/repo/mailcore/libetpan/src/driver/implementation/Makefile /Users/mronge/repo/mailcore/libetpan/src/driver/implementation/data-message/Makefile /Users/mronge/repo/mailcore/libetpan/src/driver/implementation/db/Makefile /Users/mronge/repo/mailcore/libetpan/src/driver/implementation/feed/Makefile /Users/mronge/repo/mailcore/libetpan/src/driver/implementation/hotmail/Makefile /Users/mronge/repo/mailcore/libetpan/src/driver/implementation/imap/Makefile /Users/mronge/repo/mailcore/libetpan/src/driver/implementation/maildir/Makefile /Users/mronge/repo/mailcore/libetpan/src/driver/implementation/mbox/Makefile /Users/mronge/repo/mailcore/libetpan/src/driver/implementation/mh/Makefile /Users/mronge/repo/mailcore/libetpan/src/driver/implementation/mime-message/Makefile /Users/mronge/repo/mailcore/libetpan/src/driver/implementation/nntp/Makefile /Users/mronge/repo/mailcore/libetpan/src/driver/implementation/pop3/Makefile /Users/mronge/repo/mailcore/libetpan/src/driver/interface/Makefile /Users/mronge/repo/mailcore/libetpan/src/driver/tools/Makefile /Users/mronge/repo/mailcore/libetpan/src/main/Makefile /Users/mronge/repo/mailcore/libetpan/src/main/libetpan_version.h /Users/mronge/repo/mailcore/libetpan/src/engine/Makefile /Users/mronge/repo/mailcore/libetpan/src/versioninfo.rc /Users/mronge/repo/mailcore/libetpan/doc/Makefile /Users/mronge/repo/mailcore/libetpan/tests/Makefile'
datadir='${datarootdir}'
datarootdir='${prefix}/share'
docdir='${datarootdir}/doc/${PACKAGE_TARNAME}'
dvidir='${docdir}'
exec_prefix='${prefix}'
host='i386-apple-darwin10.2.0'
host_alias=''
host_cpu='i386'
host_os='darwin10.2.0'
host_vendor='apple'
htmldir='${docdir}'
includedir='${prefix}/include'
infodir='${datarootdir}/info'
install_sh='$(SHELL) /Users/mronge/repo/mailcore/libetpan/install-sh'
libcurlconfig='/usr/bin/curl-config'
libdir='${exec_prefix}/lib'
libexecdir='${exec_prefix}/libexec'
localedir='${datarootdir}/locale'
localstatedir='${prefix}/var'
lt_ECHO='/bin/echo'
mandir='${datarootdir}/man'
mkdir_p='$(top_builddir)/./install-sh -c -d'
oldincludedir='/usr/include'
pdfdir='${docdir}'
prefix='/usr/local'
program_transform_name='s,x,x,'
psdir='${docdir}'
sbindir='${exec_prefix}/sbin'
sharedstatedir='${prefix}/com'
sysconfdir='${prefix}/etc'
target_alias=''

## ----------- ##
## confdefs.h. ##
## ----------- ##

#define PACKAGE_NAME "libetpan"
#define PACKAGE_TARNAME "libetpan"
#define PACKAGE_VERSION "0.58"
#define PACKAGE_STRING "libetpan 0.58"
#define PACKAGE_BUGREPORT "libetpan-devel@lists.sourceforge.net"
#define PACKAGE "libetpan"
#define VERSION "0.58"
#define UNSTRICT_SYNTAX 1
#define STDC_HEADERS 1
#define HAVE_SYS_TYPES_H 1
#define HAVE_SYS_STAT_H 1
#define HAVE_STDLIB_H 1
#define HAVE_STRING_H 1
#define HAVE_MEMORY_H 1
#define HAVE_STRINGS_H 1
#define HAVE_INTTYPES_H 1
#define HAVE_STDINT_H 1
#define HAVE_UNISTD_H 1
#define HAVE_DLFCN_H 1
#define LT_OBJDIR ".libs/"
#define STDC_HEADERS 1
#define HAVE_FCNTL_H 1
#define HAVE_UNISTD_H 1
#define HAVE_CTYPE_H 1
#define HAVE_SYS_TYPES_H 1
#define HAVE_SYS_STAT_H 1
#define HAVE_SYS_MMAN_H 1
#define HAVE_LIMITS_H 1
#define HAVE_NETDB_H 1
#define HAVE_NETINET_IN_H 1
#define HAVE_SYS_SOCKET_H 1
#define HAVE_SYS_PARAM_H 1
#define HAVE_SYS_SELECT_H 1
#define HAVE_INTTYPES_H 1
#define HAVE_ARPA_INET_H 1
#define HAVE_STDLIB_H 1
#define HAVE_UNISTD_H 1
#define HAVE_GETPAGESIZE 1
#define HAVE_MMAP 1
#define HAVE_GETOPT_LONG 1
#define USE_SSL 1
#define HAVE_ICONV 1
#define DBVERS 1
#define HAVE_PTHREAD_H 1
#define LIBETPAN_REENTRANT 1
#define LIBETPAN_VERSION_MAJOR 0
#define LIBETPAN_VERSION_MINOR 58
#define USE_SASL 1
#define HAVE_IPV6 1
#define HAVE_CURL 1
#define HAVE_EXPAT 1
#define LIBETPAN_VERSION "0.58-dev-20100104"

configure: exit 0
